[2025-04-29 23:28:36,753][generator][INFO] - Start generate dataset.
[2025-04-29 23:28:36,756][generator][INFO] - Config:
data_generator:
  model_name: VGG19
  dataset_name: CIFAR100
  big_batch_size: 500
  small_batch_size: 128
  num_workers: 4
  target: generate_dataset.VGG_generator.VGG19_on_CIFAR100_generator
  cfg:
    speed_up:
    - 2.2
    method: ${method}
    model_name: ${data_generator.model_name}
    dataset_name: ${data_generator.dataset_name}
_recursive_: true
level: 0
index: 1
num: 5
num_proc: 1
method: group_sl
name: ${data_generator.model_name}_on_${data_generator.dataset_name}
model_name: ${data_generator.model_name}
dataset_name: ${data_generator.dataset_name}
save_path: ../dataset_model/${name}_level_${level}_${index}
dataset_path: ../dataset/${data_generator.dataset_name}
cache_path: .cache/${index}
generator:
  _target_: ${data_generator.target}
  _recursive_: true
  _partial_: true
  level: ${level}
  method: ${method}
  num: ${num}
  cfg: ${data_generator.cfg}
  cfg_big_dataset: ${big_batch_dataset}
  cfg_small_dataset: ${small_batch_dataset}
dataset:
  dataset_name: ${data_generator.dataset_name}
  num_workers: ${data_generator.num_workers}
  big_batch: ${data_generator.big_batch_size}
  small_batch: ${data_generator.small_batch_size}
  dataset_path: ${dataset_path}
big_batch_dataset:
  dataset_name: ${dataset.dataset_name}
  batch_size: ${dataset.big_batch}
  num_workers: ${dataset.num_workers}
  dataset_path: ${dataset.dataset_path}
small_batch_dataset:
  dataset_name: ${dataset.dataset_name}
  batch_size: ${dataset.small_batch}
  num_workers: ${dataset.num_workers}
  dataset_path: ${dataset.dataset_path}

[2025-04-29 23:28:48,429][train][INFO] - Before training : Train Acc=0.0100  Val Acc=0.0100
[2025-04-29 23:28:56,494][train][INFO] - Epoch 1/200, Val Acc=0.0709, Val Loss=4.1108, lr=0.1000
[2025-04-29 23:29:04,777][train][INFO] - Epoch 2/200, Val Acc=0.1299, Val Loss=3.6331, lr=0.1000
[2025-04-29 23:29:12,979][train][INFO] - Epoch 3/200, Val Acc=0.1592, Val Loss=3.5416, lr=0.1000
[2025-04-29 23:29:21,382][train][INFO] - Epoch 4/200, Val Acc=0.2298, Val Loss=3.0668, lr=0.1000
[2025-04-29 23:29:29,556][train][INFO] - Epoch 5/200, Val Acc=0.2121, Val Loss=3.2249, lr=0.1000
[2025-04-29 23:29:37,814][train][INFO] - Epoch 6/200, Val Acc=0.3202, Val Loss=2.6127, lr=0.1000
[2025-04-29 23:29:46,047][train][INFO] - Epoch 7/200, Val Acc=0.3264, Val Loss=2.5641, lr=0.1000
[2025-04-29 23:29:54,614][train][INFO] - Epoch 8/200, Val Acc=0.3432, Val Loss=2.5184, lr=0.1000
[2025-04-29 23:30:02,962][train][INFO] - Epoch 9/200, Val Acc=0.3119, Val Loss=2.9839, lr=0.1000
[2025-04-29 23:30:10,985][train][INFO] - Epoch 10/200, Val Acc=0.3546, Val Loss=2.5352, lr=0.1000
[2025-04-29 23:30:19,236][train][INFO] - Epoch 11/200, Val Acc=0.3876, Val Loss=2.3627, lr=0.1000
[2025-04-29 23:30:27,781][train][INFO] - Epoch 12/200, Val Acc=0.3862, Val Loss=2.4058, lr=0.1000
[2025-04-29 23:30:35,601][train][INFO] - Epoch 13/200, Val Acc=0.3811, Val Loss=2.4897, lr=0.1000
[2025-04-29 23:30:44,028][train][INFO] - Epoch 14/200, Val Acc=0.4210, Val Loss=2.2136, lr=0.1000
[2025-04-29 23:30:52,461][train][INFO] - Epoch 15/200, Val Acc=0.3452, Val Loss=2.7617, lr=0.1000
[2025-04-29 23:31:00,880][train][INFO] - Epoch 16/200, Val Acc=0.4259, Val Loss=2.1644, lr=0.1000
[2025-04-29 23:31:08,929][train][INFO] - Epoch 17/200, Val Acc=0.4500, Val Loss=2.1059, lr=0.1000
[2025-04-29 23:31:17,359][train][INFO] - Epoch 18/200, Val Acc=0.3970, Val Loss=2.4388, lr=0.1000
[2025-04-29 23:31:25,758][train][INFO] - Epoch 19/200, Val Acc=0.3970, Val Loss=2.3713, lr=0.1000
[2025-04-29 23:31:34,391][train][INFO] - Epoch 20/200, Val Acc=0.4401, Val Loss=2.1916, lr=0.1000
[2025-04-29 23:31:42,853][train][INFO] - Epoch 21/200, Val Acc=0.4309, Val Loss=2.2529, lr=0.1000
[2025-04-29 23:31:51,471][train][INFO] - Epoch 22/200, Val Acc=0.4097, Val Loss=2.3763, lr=0.1000
[2025-04-29 23:32:00,109][train][INFO] - Epoch 23/200, Val Acc=0.4129, Val Loss=2.3576, lr=0.1000
[2025-04-29 23:32:08,430][train][INFO] - Epoch 24/200, Val Acc=0.4507, Val Loss=2.1218, lr=0.1000
[2025-04-29 23:32:17,038][train][INFO] - Epoch 25/200, Val Acc=0.4275, Val Loss=2.2913, lr=0.1000
[2025-04-29 23:32:25,386][train][INFO] - Epoch 26/200, Val Acc=0.4232, Val Loss=2.3257, lr=0.1000
[2025-04-29 23:32:34,019][train][INFO] - Epoch 27/200, Val Acc=0.4587, Val Loss=2.1412, lr=0.1000
[2025-04-29 23:32:42,407][train][INFO] - Epoch 28/200, Val Acc=0.3781, Val Loss=2.6004, lr=0.1000
[2025-04-29 23:32:50,383][train][INFO] - Epoch 29/200, Val Acc=0.4638, Val Loss=2.0395, lr=0.1000
[2025-04-29 23:32:58,667][train][INFO] - Epoch 30/200, Val Acc=0.4562, Val Loss=2.1381, lr=0.1000
[2025-04-29 23:33:06,929][train][INFO] - Epoch 31/200, Val Acc=0.4433, Val Loss=2.2105, lr=0.1000
[2025-04-29 23:33:15,056][train][INFO] - Epoch 32/200, Val Acc=0.4111, Val Loss=2.4898, lr=0.1000
[2025-04-29 23:33:23,169][train][INFO] - Epoch 33/200, Val Acc=0.4666, Val Loss=2.0933, lr=0.1000
[2025-04-29 23:33:31,650][train][INFO] - Epoch 34/200, Val Acc=0.4254, Val Loss=2.3170, lr=0.1000
[2025-04-29 23:33:39,757][train][INFO] - Epoch 35/200, Val Acc=0.4484, Val Loss=2.1523, lr=0.1000
[2025-04-29 23:33:48,275][train][INFO] - Epoch 36/200, Val Acc=0.4770, Val Loss=2.0582, lr=0.1000
[2025-04-29 23:33:56,632][train][INFO] - Epoch 37/200, Val Acc=0.5065, Val Loss=1.9498, lr=0.1000
[2025-04-29 23:34:05,022][train][INFO] - Epoch 38/200, Val Acc=0.4236, Val Loss=2.4134, lr=0.1000
[2025-04-29 23:34:13,429][train][INFO] - Epoch 39/200, Val Acc=0.4410, Val Loss=2.4469, lr=0.1000
[2025-04-29 23:34:21,185][train][INFO] - Epoch 40/200, Val Acc=0.4654, Val Loss=2.1176, lr=0.1000
[2025-04-29 23:34:29,293][train][INFO] - Epoch 41/200, Val Acc=0.4819, Val Loss=2.0492, lr=0.1000
[2025-04-29 23:34:37,811][train][INFO] - Epoch 42/200, Val Acc=0.4949, Val Loss=1.9714, lr=0.1000
[2025-04-29 23:34:46,121][train][INFO] - Epoch 43/200, Val Acc=0.4618, Val Loss=2.2522, lr=0.1000
[2025-04-29 23:34:54,471][train][INFO] - Epoch 44/200, Val Acc=0.4298, Val Loss=2.3650, lr=0.1000
[2025-04-29 23:35:03,027][train][INFO] - Epoch 45/200, Val Acc=0.4576, Val Loss=2.1691, lr=0.1000
[2025-04-29 23:35:10,581][train][INFO] - Epoch 46/200, Val Acc=0.5159, Val Loss=1.8964, lr=0.1000
[2025-04-29 23:35:19,048][train][INFO] - Epoch 47/200, Val Acc=0.4626, Val Loss=2.2422, lr=0.1000
[2025-04-29 23:35:27,514][train][INFO] - Epoch 48/200, Val Acc=0.4517, Val Loss=2.2543, lr=0.1000
[2025-04-29 23:35:36,042][train][INFO] - Epoch 49/200, Val Acc=0.4842, Val Loss=2.0426, lr=0.1000
[2025-04-29 23:35:44,449][train][INFO] - Epoch 50/200, Val Acc=0.5005, Val Loss=1.9628, lr=0.1000
[2025-04-29 23:35:53,065][train][INFO] - Epoch 51/200, Val Acc=0.4848, Val Loss=2.0473, lr=0.1000
[2025-04-29 23:36:00,938][train][INFO] - Epoch 52/200, Val Acc=0.4493, Val Loss=2.2252, lr=0.1000
[2025-04-29 23:36:09,305][train][INFO] - Epoch 53/200, Val Acc=0.4372, Val Loss=2.3612, lr=0.1000
[2025-04-29 23:36:17,426][train][INFO] - Epoch 54/200, Val Acc=0.4406, Val Loss=2.3014, lr=0.1000
[2025-04-29 23:36:25,744][train][INFO] - Epoch 55/200, Val Acc=0.4641, Val Loss=2.2107, lr=0.1000
[2025-04-29 23:36:33,935][train][INFO] - Epoch 56/200, Val Acc=0.4498, Val Loss=2.2645, lr=0.1000
[2025-04-29 23:36:42,692][train][INFO] - Epoch 57/200, Val Acc=0.4880, Val Loss=2.0371, lr=0.1000
[2025-04-29 23:36:50,961][train][INFO] - Epoch 58/200, Val Acc=0.4914, Val Loss=2.0330, lr=0.1000
[2025-04-29 23:36:59,435][train][INFO] - Epoch 59/200, Val Acc=0.4786, Val Loss=2.1375, lr=0.1000
[2025-04-29 23:37:07,638][train][INFO] - Epoch 60/200, Val Acc=0.4917, Val Loss=1.9893, lr=0.1000
[2025-04-29 23:37:16,082][train][INFO] - Epoch 61/200, Val Acc=0.5348, Val Loss=1.7910, lr=0.1000
[2025-04-29 23:37:24,450][train][INFO] - Epoch 62/200, Val Acc=0.5019, Val Loss=1.9049, lr=0.1000
[2025-04-29 23:37:32,955][train][INFO] - Epoch 63/200, Val Acc=0.4542, Val Loss=2.2480, lr=0.1000
[2025-04-29 23:37:40,996][train][INFO] - Epoch 64/200, Val Acc=0.4983, Val Loss=2.0147, lr=0.1000
[2025-04-29 23:37:49,240][train][INFO] - Epoch 65/200, Val Acc=0.4807, Val Loss=2.0459, lr=0.1000
[2025-04-29 23:37:57,678][train][INFO] - Epoch 66/200, Val Acc=0.4830, Val Loss=2.0491, lr=0.1000
[2025-04-29 23:38:06,046][train][INFO] - Epoch 67/200, Val Acc=0.5392, Val Loss=1.7686, lr=0.1000
[2025-04-29 23:38:14,531][train][INFO] - Epoch 68/200, Val Acc=0.5171, Val Loss=1.9066, lr=0.1000
[2025-04-29 23:38:23,121][train][INFO] - Epoch 69/200, Val Acc=0.4922, Val Loss=2.0334, lr=0.1000
[2025-04-29 23:38:31,234][train][INFO] - Epoch 70/200, Val Acc=0.4876, Val Loss=2.0138, lr=0.1000
[2025-04-29 23:38:39,421][train][INFO] - Epoch 71/200, Val Acc=0.4666, Val Loss=2.1940, lr=0.1000
[2025-04-29 23:38:47,719][train][INFO] - Epoch 72/200, Val Acc=0.4589, Val Loss=2.2115, lr=0.1000
[2025-04-29 23:38:55,757][train][INFO] - Epoch 73/200, Val Acc=0.4762, Val Loss=2.1287, lr=0.1000
[2025-04-29 23:39:04,139][train][INFO] - Epoch 74/200, Val Acc=0.4882, Val Loss=2.0957, lr=0.1000
[2025-04-29 23:39:12,594][train][INFO] - Epoch 75/200, Val Acc=0.4789, Val Loss=2.1143, lr=0.1000
[2025-04-29 23:39:21,103][train][INFO] - Epoch 76/200, Val Acc=0.5063, Val Loss=1.9136, lr=0.1000
[2025-04-29 23:39:29,355][train][INFO] - Epoch 77/200, Val Acc=0.4409, Val Loss=2.3412, lr=0.1000
[2025-04-29 23:39:37,743][train][INFO] - Epoch 78/200, Val Acc=0.5190, Val Loss=1.9091, lr=0.1000
[2025-04-29 23:39:46,129][train][INFO] - Epoch 79/200, Val Acc=0.5026, Val Loss=2.0052, lr=0.1000
[2025-04-29 23:39:54,424][train][INFO] - Epoch 80/200, Val Acc=0.4559, Val Loss=2.2672, lr=0.1000
[2025-04-29 23:40:02,780][train][INFO] - Epoch 81/200, Val Acc=0.4626, Val Loss=2.2117, lr=0.1000
[2025-04-29 23:40:11,101][train][INFO] - Epoch 82/200, Val Acc=0.5083, Val Loss=1.9294, lr=0.1000
[2025-04-29 23:40:19,473][train][INFO] - Epoch 83/200, Val Acc=0.5354, Val Loss=1.7948, lr=0.1000
[2025-04-29 23:40:27,842][train][INFO] - Epoch 84/200, Val Acc=0.5077, Val Loss=1.9320, lr=0.1000
[2025-04-29 23:40:36,121][train][INFO] - Epoch 85/200, Val Acc=0.4874, Val Loss=2.0425, lr=0.1000
[2025-04-29 23:40:44,210][train][INFO] - Epoch 86/200, Val Acc=0.5382, Val Loss=1.7821, lr=0.1000
[2025-04-29 23:40:52,495][train][INFO] - Epoch 87/200, Val Acc=0.5175, Val Loss=1.9023, lr=0.1000
[2025-04-29 23:41:00,846][train][INFO] - Epoch 88/200, Val Acc=0.5216, Val Loss=1.8868, lr=0.1000
[2025-04-29 23:41:09,012][train][INFO] - Epoch 89/200, Val Acc=0.5524, Val Loss=1.7135, lr=0.1000
[2025-04-29 23:41:17,415][train][INFO] - Epoch 90/200, Val Acc=0.5293, Val Loss=1.8308, lr=0.1000
[2025-04-29 23:41:25,669][train][INFO] - Epoch 91/200, Val Acc=0.5163, Val Loss=1.8718, lr=0.1000
[2025-04-29 23:41:34,125][train][INFO] - Epoch 92/200, Val Acc=0.4882, Val Loss=2.0734, lr=0.1000
[2025-04-29 23:41:42,452][train][INFO] - Epoch 93/200, Val Acc=0.5051, Val Loss=1.9604, lr=0.1000
[2025-04-29 23:41:50,594][train][INFO] - Epoch 94/200, Val Acc=0.4616, Val Loss=2.1439, lr=0.1000
[2025-04-29 23:41:59,051][train][INFO] - Epoch 95/200, Val Acc=0.4744, Val Loss=2.1801, lr=0.1000
[2025-04-29 23:42:07,421][train][INFO] - Epoch 96/200, Val Acc=0.5054, Val Loss=1.9391, lr=0.1000
[2025-04-29 23:42:15,942][train][INFO] - Epoch 97/200, Val Acc=0.4641, Val Loss=2.2857, lr=0.1000
[2025-04-29 23:42:24,079][train][INFO] - Epoch 98/200, Val Acc=0.4926, Val Loss=2.0019, lr=0.1000
[2025-04-29 23:42:32,378][train][INFO] - Epoch 99/200, Val Acc=0.5068, Val Loss=1.9514, lr=0.1000
[2025-04-29 23:42:40,385][train][INFO] - Epoch 100/200, Val Acc=0.5262, Val Loss=1.8258, lr=0.1000
[2025-04-29 23:42:48,535][train][INFO] - Epoch 101/200, Val Acc=0.7015, Val Loss=1.0745, lr=0.0100
[2025-04-29 23:42:56,829][train][INFO] - Epoch 102/200, Val Acc=0.7048, Val Loss=1.0618, lr=0.0100
[2025-04-29 23:43:05,518][train][INFO] - Epoch 103/200, Val Acc=0.7116, Val Loss=1.0444, lr=0.0100
[2025-04-29 23:43:13,763][train][INFO] - Epoch 104/200, Val Acc=0.7129, Val Loss=1.0434, lr=0.0100
[2025-04-29 23:43:22,335][train][INFO] - Epoch 105/200, Val Acc=0.7145, Val Loss=1.0545, lr=0.0100
[2025-04-29 23:43:30,120][train][INFO] - Epoch 106/200, Val Acc=0.7147, Val Loss=1.0667, lr=0.0100
[2025-04-29 23:43:38,509][train][INFO] - Epoch 107/200, Val Acc=0.7111, Val Loss=1.0826, lr=0.0100
[2025-04-29 23:43:46,989][train][INFO] - Epoch 108/200, Val Acc=0.7117, Val Loss=1.1136, lr=0.0100
[2025-04-29 23:43:55,337][train][INFO] - Epoch 109/200, Val Acc=0.7096, Val Loss=1.1411, lr=0.0100
[2025-04-29 23:44:03,771][train][INFO] - Epoch 110/200, Val Acc=0.7076, Val Loss=1.1607, lr=0.0100
[2025-04-29 23:44:12,389][train][INFO] - Epoch 111/200, Val Acc=0.7109, Val Loss=1.1570, lr=0.0100
[2025-04-29 23:44:20,800][train][INFO] - Epoch 112/200, Val Acc=0.7034, Val Loss=1.2112, lr=0.0100
[2025-04-29 23:44:29,330][train][INFO] - Epoch 113/200, Val Acc=0.7044, Val Loss=1.2119, lr=0.0100
[2025-04-29 23:44:37,814][train][INFO] - Epoch 114/200, Val Acc=0.7013, Val Loss=1.2321, lr=0.0100
[2025-04-29 23:44:45,930][train][INFO] - Epoch 115/200, Val Acc=0.7041, Val Loss=1.2362, lr=0.0100
[2025-04-29 23:44:54,476][train][INFO] - Epoch 116/200, Val Acc=0.7011, Val Loss=1.2635, lr=0.0100
[2025-04-29 23:45:02,785][train][INFO] - Epoch 117/200, Val Acc=0.6963, Val Loss=1.2922, lr=0.0100
[2025-04-29 23:45:11,311][train][INFO] - Epoch 118/200, Val Acc=0.6893, Val Loss=1.3158, lr=0.0100
[2025-04-29 23:45:19,850][train][INFO] - Epoch 119/200, Val Acc=0.6879, Val Loss=1.3338, lr=0.0100
[2025-04-29 23:45:28,212][train][INFO] - Epoch 120/200, Val Acc=0.6844, Val Loss=1.3643, lr=0.0100
[2025-04-29 23:45:36,379][train][INFO] - Epoch 121/200, Val Acc=0.6816, Val Loss=1.3853, lr=0.0100
[2025-04-29 23:45:44,817][train][INFO] - Epoch 122/200, Val Acc=0.6926, Val Loss=1.3412, lr=0.0100
[2025-04-29 23:45:53,437][train][INFO] - Epoch 123/200, Val Acc=0.6925, Val Loss=1.3509, lr=0.0100
[2025-04-29 23:46:01,705][train][INFO] - Epoch 124/200, Val Acc=0.6820, Val Loss=1.3940, lr=0.0100
[2025-04-29 23:46:10,157][train][INFO] - Epoch 125/200, Val Acc=0.6748, Val Loss=1.4761, lr=0.0100
[2025-04-29 23:46:18,881][train][INFO] - Epoch 126/200, Val Acc=0.6899, Val Loss=1.3978, lr=0.0100
[2025-04-29 23:46:27,279][train][INFO] - Epoch 127/200, Val Acc=0.6774, Val Loss=1.4129, lr=0.0100
[2025-04-29 23:46:35,242][train][INFO] - Epoch 128/200, Val Acc=0.6793, Val Loss=1.4304, lr=0.0100
[2025-04-29 23:46:43,785][train][INFO] - Epoch 129/200, Val Acc=0.6759, Val Loss=1.4353, lr=0.0100
[2025-04-29 23:46:52,388][train][INFO] - Epoch 130/200, Val Acc=0.6799, Val Loss=1.4137, lr=0.0100
[2025-04-29 23:47:01,104][train][INFO] - Epoch 131/200, Val Acc=0.6740, Val Loss=1.4877, lr=0.0100
[2025-04-29 23:47:09,735][train][INFO] - Epoch 132/200, Val Acc=0.6781, Val Loss=1.4404, lr=0.0100
[2025-04-29 23:47:17,995][train][INFO] - Epoch 133/200, Val Acc=0.6827, Val Loss=1.4071, lr=0.0100
[2025-04-29 23:47:26,626][train][INFO] - Epoch 134/200, Val Acc=0.6776, Val Loss=1.4203, lr=0.0100
[2025-04-29 23:47:34,927][train][INFO] - Epoch 135/200, Val Acc=0.6798, Val Loss=1.4123, lr=0.0100
[2025-04-29 23:47:43,097][train][INFO] - Epoch 136/200, Val Acc=0.6798, Val Loss=1.4421, lr=0.0100
[2025-04-29 23:47:51,121][train][INFO] - Epoch 137/200, Val Acc=0.6816, Val Loss=1.4313, lr=0.0100
[2025-04-29 23:47:59,513][train][INFO] - Epoch 138/200, Val Acc=0.6812, Val Loss=1.4337, lr=0.0100
[2025-04-29 23:48:07,987][train][INFO] - Epoch 139/200, Val Acc=0.6608, Val Loss=1.5164, lr=0.0100
[2025-04-29 23:48:16,524][train][INFO] - Epoch 140/200, Val Acc=0.6397, Val Loss=1.6997, lr=0.0100
[2025-04-29 23:48:24,740][train][INFO] - Epoch 141/200, Val Acc=0.6795, Val Loss=1.4201, lr=0.0100
[2025-04-29 23:48:33,222][train][INFO] - Epoch 142/200, Val Acc=0.6863, Val Loss=1.4226, lr=0.0100
[2025-04-29 23:48:41,761][train][INFO] - Epoch 143/200, Val Acc=0.6714, Val Loss=1.4692, lr=0.0100
[2025-04-29 23:48:49,688][train][INFO] - Epoch 144/200, Val Acc=0.6643, Val Loss=1.5041, lr=0.0100
[2025-04-29 23:48:58,130][train][INFO] - Epoch 145/200, Val Acc=0.6632, Val Loss=1.5619, lr=0.0100
[2025-04-29 23:49:06,277][train][INFO] - Epoch 146/200, Val Acc=0.6683, Val Loss=1.5275, lr=0.0100
[2025-04-29 23:49:14,574][train][INFO] - Epoch 147/200, Val Acc=0.6691, Val Loss=1.4889, lr=0.0100
[2025-04-29 23:49:23,091][train][INFO] - Epoch 148/200, Val Acc=0.6759, Val Loss=1.4877, lr=0.0100
[2025-04-29 23:49:31,522][train][INFO] - Epoch 149/200, Val Acc=0.6725, Val Loss=1.5078, lr=0.0100
[2025-04-29 23:49:39,824][train][INFO] - Epoch 150/200, Val Acc=0.6761, Val Loss=1.4557, lr=0.0100
[2025-04-29 23:49:48,273][train][INFO] - Epoch 151/200, Val Acc=0.7243, Val Loss=1.2300, lr=0.0010
[2025-04-29 23:49:56,869][train][INFO] - Epoch 152/200, Val Acc=0.7266, Val Loss=1.2329, lr=0.0010
[2025-04-29 23:50:05,621][train][INFO] - Epoch 153/200, Val Acc=0.7273, Val Loss=1.2393, lr=0.0010
[2025-04-29 23:50:13,995][train][INFO] - Epoch 154/200, Val Acc=0.7289, Val Loss=1.2418, lr=0.0010
[2025-04-29 23:50:22,730][train][INFO] - Epoch 155/200, Val Acc=0.7293, Val Loss=1.2469, lr=0.0010
[2025-04-29 23:50:30,859][train][INFO] - Epoch 156/200, Val Acc=0.7292, Val Loss=1.2471, lr=0.0010
[2025-04-29 23:50:39,441][train][INFO] - Epoch 157/200, Val Acc=0.7289, Val Loss=1.2573, lr=0.0010
[2025-04-29 23:50:47,860][train][INFO] - Epoch 158/200, Val Acc=0.7289, Val Loss=1.2592, lr=0.0010
[2025-04-29 23:50:56,666][train][INFO] - Epoch 159/200, Val Acc=0.7301, Val Loss=1.2714, lr=0.0010
[2025-04-29 23:51:04,928][train][INFO] - Epoch 160/200, Val Acc=0.7310, Val Loss=1.2743, lr=0.0010
[2025-04-29 23:51:13,071][train][INFO] - Epoch 161/200, Val Acc=0.7331, Val Loss=1.2774, lr=0.0010
[2025-04-29 23:51:21,580][train][INFO] - Epoch 162/200, Val Acc=0.7327, Val Loss=1.2711, lr=0.0010
[2025-04-29 23:51:30,051][train][INFO] - Epoch 163/200, Val Acc=0.7322, Val Loss=1.2743, lr=0.0010
[2025-04-29 23:51:38,498][train][INFO] - Epoch 164/200, Val Acc=0.7316, Val Loss=1.2754, lr=0.0010
[2025-04-29 23:51:46,824][train][INFO] - Epoch 165/200, Val Acc=0.7339, Val Loss=1.2786, lr=0.0010
[2025-04-29 23:51:55,044][train][INFO] - Epoch 166/200, Val Acc=0.7327, Val Loss=1.2796, lr=0.0010
[2025-04-29 23:52:03,030][train][INFO] - Epoch 167/200, Val Acc=0.7318, Val Loss=1.2875, lr=0.0010
[2025-04-29 23:52:11,208][train][INFO] - Epoch 168/200, Val Acc=0.7353, Val Loss=1.2864, lr=0.0010
[2025-04-29 23:52:19,764][train][INFO] - Epoch 169/200, Val Acc=0.7350, Val Loss=1.2907, lr=0.0010
[2025-04-29 23:52:27,845][train][INFO] - Epoch 170/200, Val Acc=0.7343, Val Loss=1.2851, lr=0.0010
[2025-04-29 23:52:35,789][train][INFO] - Epoch 171/200, Val Acc=0.7348, Val Loss=1.2908, lr=0.0010
[2025-04-29 23:52:43,710][train][INFO] - Epoch 172/200, Val Acc=0.7357, Val Loss=1.2958, lr=0.0010
[2025-04-29 23:52:51,615][train][INFO] - Epoch 173/200, Val Acc=0.7350, Val Loss=1.2930, lr=0.0010
[2025-04-29 23:52:59,468][train][INFO] - Epoch 174/200, Val Acc=0.7342, Val Loss=1.2931, lr=0.0010
[2025-04-29 23:53:07,785][train][INFO] - Epoch 175/200, Val Acc=0.7331, Val Loss=1.2981, lr=0.0010
[2025-04-29 23:53:16,151][train][INFO] - Epoch 176/200, Val Acc=0.7359, Val Loss=1.2952, lr=0.0010
[2025-04-29 23:53:24,663][train][INFO] - Epoch 177/200, Val Acc=0.7349, Val Loss=1.2955, lr=0.0010
[2025-04-29 23:53:32,952][train][INFO] - Epoch 178/200, Val Acc=0.7342, Val Loss=1.3007, lr=0.0010
[2025-04-29 23:53:41,394][train][INFO] - Epoch 179/200, Val Acc=0.7362, Val Loss=1.2962, lr=0.0010
[2025-04-29 23:53:49,411][train][INFO] - Epoch 180/200, Val Acc=0.7347, Val Loss=1.2955, lr=0.0010
[2025-04-29 23:53:57,745][train][INFO] - Epoch 181/200, Val Acc=0.7346, Val Loss=1.2964, lr=0.0001
[2025-04-29 23:54:05,837][train][INFO] - Epoch 182/200, Val Acc=0.7364, Val Loss=1.2920, lr=0.0001
